<?xml version="1.0" encoding="UTF-8"?>
<!-- Generated by org.testng.reporters.JUnitReportReporter -->
<testsuite hostname="DESKTOP-A1FMMNS" name="cz.muni.fi.pa165.travelAgency.persistence.dao.ReservationDaoTest" tests="9" failures="0" timestamp="12 Nov 2016 22:33:55 GMT" time="0.294" errors="0">
  <testcase name="testCreateWithNullCustomer" time="0.029" classname="cz.muni.fi.pa165.travelAgency.persistence.dao.ReservationDaoTest"/>
  <testcase name="testFindById" time="0.028" classname="cz.muni.fi.pa165.travelAgency.persistence.dao.ReservationDaoTest"/>
  <testcase name="testUpdate" time="0.027" classname="cz.muni.fi.pa165.travelAgency.persistence.dao.ReservationDaoTest"/>
  <testcase name="testCreateWithNullTrip" time="0.025" classname="cz.muni.fi.pa165.travelAgency.persistence.dao.ReservationDaoTest"/>
  <testcase name="testCreateWithNullCreated" time="0.027" classname="cz.muni.fi.pa165.travelAgency.persistence.dao.ReservationDaoTest"/>
  <testcase name="testFindByTrip" time="0.042" classname="cz.muni.fi.pa165.travelAgency.persistence.dao.ReservationDaoTest"/>
  <testcase name="testFindByCustomer" time="0.037" classname="cz.muni.fi.pa165.travelAgency.persistence.dao.ReservationDaoTest"/>
  <testcase name="testFindAllReservations" time="0.042" classname="cz.muni.fi.pa165.travelAgency.persistence.dao.ReservationDaoTest"/>
  <testcase name="testRemove" time="0.037" classname="cz.muni.fi.pa165.travelAgency.persistence.dao.ReservationDaoTest"/>
</testsuite> <!-- cz.muni.fi.pa165.travelAgency.persistence.dao.ReservationDaoTest -->
