<?xml version="1.0" encoding="UTF-8"?>
<!-- Generated by org.testng.reporters.JUnitReportReporter -->
<testsuite hostname="DESKTOP-AVD0AVT" name="cz.muni.fi.pa165.travelAgency.persistence.dao.ReservationDaoTest" tests="9" failures="0" timestamp="31 Oct 2016 20:36:45 GMT" time="0.592" errors="0">
  <testcase name="testFindByTrip" time="0.027" classname="cz.muni.fi.pa165.travelAgency.persistence.dao.ReservationDaoTest"/>
  <testcase name="testCreateWithNullCreated" time="0.043" classname="cz.muni.fi.pa165.travelAgency.persistence.dao.ReservationDaoTest"/>
  <testcase name="testCreateWithNullTrip" time="0.021" classname="cz.muni.fi.pa165.travelAgency.persistence.dao.ReservationDaoTest"/>
  <testcase name="testRemove" time="0.126" classname="cz.muni.fi.pa165.travelAgency.persistence.dao.ReservationDaoTest"/>
  <testcase name="testCreateWithNullCustomer" time="0.019" classname="cz.muni.fi.pa165.travelAgency.persistence.dao.ReservationDaoTest"/>
  <testcase name="testFindById" time="0.030" classname="cz.muni.fi.pa165.travelAgency.persistence.dao.ReservationDaoTest"/>
  <testcase name="testUpdate" time="0.026" classname="cz.muni.fi.pa165.travelAgency.persistence.dao.ReservationDaoTest"/>
  <testcase name="testFindAllReservations" time="0.256" classname="cz.muni.fi.pa165.travelAgency.persistence.dao.ReservationDaoTest"/>
  <testcase name="testFindByCustomer" time="0.044" classname="cz.muni.fi.pa165.travelAgency.persistence.dao.ReservationDaoTest"/>
</testsuite> <!-- cz.muni.fi.pa165.travelAgency.persistence.dao.ReservationDaoTest -->
