<?xml version="1.0" encoding="UTF-8"?>
<!-- Generated by org.testng.reporters.JUnitReportReporter -->
<testsuite hostname="DESKTOP-AVD0AVT" name="cz.muni.fi.pa165.travelAgency.persistence.dao.ReservationDaoTest" tests="7" failures="0" timestamp="31 Oct 2016 18:08:06 GMT" time="1.044" errors="0">
  <testcase name="findAllReservations" time="0.267" classname="cz.muni.fi.pa165.travelAgency.persistence.dao.ReservationDaoTest"/>
  <testcase name="remove" time="0.084" classname="cz.muni.fi.pa165.travelAgency.persistence.dao.ReservationDaoTest"/>
  <testcase name="findByCustomer" time="0.312" classname="cz.muni.fi.pa165.travelAgency.persistence.dao.ReservationDaoTest"/>
  <testcase name="createWithNullTrip" time="0.078" classname="cz.muni.fi.pa165.travelAgency.persistence.dao.ReservationDaoTest"/>
  <testcase name="findById" time="0.034" classname="cz.muni.fi.pa165.travelAgency.persistence.dao.ReservationDaoTest"/>
  <testcase name="findByTrip" time="0.240" classname="cz.muni.fi.pa165.travelAgency.persistence.dao.ReservationDaoTest"/>
  <testcase name="testUpdate" time="0.029" classname="cz.muni.fi.pa165.travelAgency.persistence.dao.ReservationDaoTest"/>
</testsuite> <!-- cz.muni.fi.pa165.travelAgency.persistence.dao.ReservationDaoTest -->
