<?xml version="1.0" encoding="UTF-8"?>
<!-- Generated by org.testng.reporters.JUnitReportReporter -->
<testsuite hostname="DESKTOP-A1FMMNS" name="cz.muni.fi.pa165.travelAgency.persistence.dao.TripDaoTest" tests="16" failures="0" timestamp="12 Nov 2016 22:33:55 GMT" time="0.112" errors="0">
  <testcase name="testPastFromDate" time="0.007" classname="cz.muni.fi.pa165.travelAgency.persistence.dao.TripDaoTest"/>
  <testcase name="testPastToDate" time="0.006" classname="cz.muni.fi.pa165.travelAgency.persistence.dao.TripDaoTest"/>
  <testcase name="testUpdate" time="0.007" classname="cz.muni.fi.pa165.travelAgency.persistence.dao.TripDaoTest"/>
  <testcase name="testNullPrice" time="0.004" classname="cz.muni.fi.pa165.travelAgency.persistence.dao.TripDaoTest"/>
  <testcase name="testNullCreated" time="0.005" classname="cz.muni.fi.pa165.travelAgency.persistence.dao.TripDaoTest"/>
  <testcase name="testNullFrom" time="0.005" classname="cz.muni.fi.pa165.travelAgency.persistence.dao.TripDaoTest"/>
  <testcase name="testUpdateNull" time="0.006" classname="cz.muni.fi.pa165.travelAgency.persistence.dao.TripDaoTest"/>
  <testcase name="testNegativePrice" time="0.006" classname="cz.muni.fi.pa165.travelAgency.persistence.dao.TripDaoTest"/>
  <testcase name="testRemoveNull" time="0.006" classname="cz.muni.fi.pa165.travelAgency.persistence.dao.TripDaoTest"/>
  <testcase name="testFindAll" time="0.015" classname="cz.muni.fi.pa165.travelAgency.persistence.dao.TripDaoTest"/>
  <testcase name="testFindByCountry" time="0.015" classname="cz.muni.fi.pa165.travelAgency.persistence.dao.TripDaoTest"/>
  <testcase name="testNullTo" time="0.004" classname="cz.muni.fi.pa165.travelAgency.persistence.dao.TripDaoTest"/>
  <testcase name="testCreate" time="0.005" classname="cz.muni.fi.pa165.travelAgency.persistence.dao.TripDaoTest"/>
  <testcase name="testRemove" time="0.006" classname="cz.muni.fi.pa165.travelAgency.persistence.dao.TripDaoTest"/>
  <testcase name="testFindById" time="0.010" classname="cz.muni.fi.pa165.travelAgency.persistence.dao.TripDaoTest"/>
  <testcase name="testCreateNull" time="0.005" classname="cz.muni.fi.pa165.travelAgency.persistence.dao.TripDaoTest"/>
</testsuite> <!-- cz.muni.fi.pa165.travelAgency.persistence.dao.TripDaoTest -->
