<?xml version="1.0" encoding="UTF-8"?>
<!-- Generated by org.testng.reporters.JUnitReportReporter -->
<testsuite hostname="DESKTOP-AVD0AVT" name="cz.muni.fi.pa165.travelAgency.persistence.dao.TripDaoTest" tests="13" failures="0" timestamp="31 Oct 2016 20:27:56 GMT" time="0.104" errors="0">
  <testcase name="testNullPrice" time="0.004" classname="cz.muni.fi.pa165.travelAgency.persistence.dao.TripDaoTest"/>
  <testcase name="testPastToDate" time="0.002" classname="cz.muni.fi.pa165.travelAgency.persistence.dao.TripDaoTest"/>
  <testcase name="testFindById" time="0.009" classname="cz.muni.fi.pa165.travelAgency.persistence.dao.TripDaoTest"/>
  <testcase name="testNullFrom" time="0.005" classname="cz.muni.fi.pa165.travelAgency.persistence.dao.TripDaoTest"/>
  <testcase name="testNullCreated" time="0.006" classname="cz.muni.fi.pa165.travelAgency.persistence.dao.TripDaoTest"/>
  <testcase name="testFindAll" time="0.025" classname="cz.muni.fi.pa165.travelAgency.persistence.dao.TripDaoTest"/>
  <testcase name="testNullTo" time="0.003" classname="cz.muni.fi.pa165.travelAgency.persistence.dao.TripDaoTest"/>
  <testcase name="testCreate" time="0.009" classname="cz.muni.fi.pa165.travelAgency.persistence.dao.TripDaoTest"/>
  <testcase name="testFindByCountry" time="0.017" classname="cz.muni.fi.pa165.travelAgency.persistence.dao.TripDaoTest"/>
  <testcase name="testNegativePrice" time="0.007" classname="cz.muni.fi.pa165.travelAgency.persistence.dao.TripDaoTest"/>
  <testcase name="testRemove" time="0.008" classname="cz.muni.fi.pa165.travelAgency.persistence.dao.TripDaoTest"/>
  <testcase name="testUpdate" time="0.004" classname="cz.muni.fi.pa165.travelAgency.persistence.dao.TripDaoTest"/>
  <testcase name="testPastFromDate" time="0.005" classname="cz.muni.fi.pa165.travelAgency.persistence.dao.TripDaoTest"/>
</testsuite> <!-- cz.muni.fi.pa165.travelAgency.persistence.dao.TripDaoTest -->
