<?xml version="1.0" encoding="UTF-8"?>
<!-- Generated by org.testng.reporters.JUnitReportReporter -->
<testsuite hostname="DESKTOP-AVD0AVT" name="cz.muni.fi.pa165.travelAgency.persistence.dao.ReservationDaoTest" tests="9" failures="0" timestamp="31 Oct 2016 20:30:43 GMT" time="0.712" errors="0">
  <testcase name="testFindByCustomer" time="0.046" classname="cz.muni.fi.pa165.travelAgency.persistence.dao.ReservationDaoTest"/>
  <testcase name="testCreateWithNullCreated" time="0.039" classname="cz.muni.fi.pa165.travelAgency.persistence.dao.ReservationDaoTest"/>
  <testcase name="testRemove" time="0.087" classname="cz.muni.fi.pa165.travelAgency.persistence.dao.ReservationDaoTest"/>
  <testcase name="testUpdate" time="0.025" classname="cz.muni.fi.pa165.travelAgency.persistence.dao.ReservationDaoTest"/>
  <testcase name="testFindAllReservations" time="0.308" classname="cz.muni.fi.pa165.travelAgency.persistence.dao.ReservationDaoTest"/>
  <testcase name="testCreateWithNullCustomer" time="0.101" classname="cz.muni.fi.pa165.travelAgency.persistence.dao.ReservationDaoTest"/>
  <testcase name="testFindById" time="0.030" classname="cz.muni.fi.pa165.travelAgency.persistence.dao.ReservationDaoTest"/>
  <testcase name="testFindByTrip" time="0.058" classname="cz.muni.fi.pa165.travelAgency.persistence.dao.ReservationDaoTest"/>
  <testcase name="testCreateWithNullTrip" time="0.018" classname="cz.muni.fi.pa165.travelAgency.persistence.dao.ReservationDaoTest"/>
</testsuite> <!-- cz.muni.fi.pa165.travelAgency.persistence.dao.ReservationDaoTest -->
