<?xml version="1.0" encoding="UTF-8"?>
<!-- Generated by org.testng.reporters.JUnitReportReporter -->
<testsuite hostname="DESKTOP-A1FMMNS" name="cz.muni.fi.pa165.travelAgency.persistence.dao.TripDaoTest" tests="1" failures="0" timestamp="30 Oct 2016 19:42:21 GMT" time="0.234" errors="0">
  <testcase name="testUpdate" time="0.234" classname="cz.muni.fi.pa165.travelAgency.persistence.dao.TripDaoTest"/>
</testsuite> <!-- cz.muni.fi.pa165.travelAgency.persistence.dao.TripDaoTest -->
