<?xml version="1.0" encoding="UTF-8"?>
<!-- Generated by org.testng.reporters.JUnitReportReporter -->
<testsuite hostname="DESKTOP-AVD0AVT" name="cz.muni.fi.pa165.travelAgency.persistence.dao.ReservationDaoTest" tests="3" failures="0" timestamp="31 Oct 2016 17:29:37 GMT" time="0.393" errors="0">
  <testcase name="testUpdate" time="0.198" classname="cz.muni.fi.pa165.travelAgency.persistence.dao.ReservationDaoTest"/>
  <testcase name="create" time="0.044" classname="cz.muni.fi.pa165.travelAgency.persistence.dao.ReservationDaoTest"/>
  <testcase name="findAllReservations" time="0.151" classname="cz.muni.fi.pa165.travelAgency.persistence.dao.ReservationDaoTest"/>
</testsuite> <!-- cz.muni.fi.pa165.travelAgency.persistence.dao.ReservationDaoTest -->
